2024-12-16 22:30:01,257 INFO: [31m[1mWARNING: This is a development server. Do not use it in a production deployment. Use a production WSGI server instead.[0m
 * Running on all addresses (0.0.0.0)
 * Running on http://127.0.0.1:5000
 * Running on http://192.168.1.149:5000 [in C:\Python312\Lib\site-packages\werkzeug\_internal.py:97]
2024-12-16 22:30:01,258 INFO: [33mPress CTRL+C to quit[0m [in C:\Python312\Lib\site-packages\werkzeug\_internal.py:97]
2024-12-16 22:30:22,366 INFO: 192.168.1.149 - - [16/Dec/2024 22:30:22] "[33mGET / HTTP/1.1[0m" 404 - [in C:\Python312\Lib\site-packages\werkzeug\_internal.py:97]
2024-12-16 22:30:22,602 INFO: 192.168.1.149 - - [16/Dec/2024 22:30:22] "[33mGET /favicon.ico HTTP/1.1[0m" 404 - [in C:\Python312\Lib\site-packages\werkzeug\_internal.py:97]
2024-12-16 22:30:46,819 INFO: Search request received: {'tripType': None, 'startDate': '2024-12-20', 'endDate': '2024-12-27', 'maxPrice': '1000', 'minDays': '1', 'maxDays': '7', 'originAirports': ['KUN'], 'wantedCountries': ['Italy'], 'adults': '1', 'children': '0'} [in D:\dev\flymebaby-react\src\api\app.py:149]
2024-12-16 22:30:46,819 INFO: Search parameters after processing: [in D:\dev\flymebaby-react\src\api\app.py:150]
2024-12-16 22:30:46,820 INFO: Start date: 2024-12-20 00:00:00 [in D:\dev\flymebaby-react\src\api\app.py:151]
2024-12-16 22:30:46,820 INFO: End date: 2024-12-27 00:00:00 [in D:\dev\flymebaby-react\src\api\app.py:152]
2024-12-16 22:30:46,820 INFO: Maximum price per person: 1000.0 [in D:\dev\flymebaby-react\src\api\app.py:153]
2024-12-16 22:30:46,820 INFO: Origin airports: ['KUN'] [in D:\dev\flymebaby-react\src\api\app.py:154]
2024-12-16 22:30:46,820 INFO: Wanted countries: ['Italy'] [in D:\dev\flymebaby-react\src\api\app.py:155]
2024-12-16 22:30:46,820 INFO: Total passengers: 1 [in D:\dev\flymebaby-react\src\api\app.py:156]
2024-12-16 22:30:47,256 INFO: 192.168.1.149 - - [16/Dec/2024 22:30:47] "GET /api/search-flights?startDate=2024-12-20&endDate=2024-12-27&originAirports=KUN&wantedCountries=Italy&adults=1&children=0&maxPrice=1000&minDays=1&maxDays=7 HTTP/1.1" 200 - [in C:\Python312\Lib\site-packages\werkzeug\_internal.py:97]
2024-12-16 22:32:07,358 INFO: Search request received: {'tripType': 'return', 'startDate': '2024-12-20', 'endDate': '2024-12-27', 'maxPrice': '1000', 'minDays': '1', 'maxDays': '7', 'originAirports': ['KUN'], 'wantedCountries': ['Italy'], 'adults': '1', 'children': '0'} [in D:\dev\flymebaby-react\src\api\app.py:149]
2024-12-16 22:32:07,359 INFO: Search parameters after processing: [in D:\dev\flymebaby-react\src\api\app.py:150]
2024-12-16 22:32:07,359 INFO: Start date: 2024-12-20 00:00:00 [in D:\dev\flymebaby-react\src\api\app.py:151]
2024-12-16 22:32:07,359 INFO: End date: 2024-12-27 00:00:00 [in D:\dev\flymebaby-react\src\api\app.py:152]
2024-12-16 22:32:07,359 INFO: Maximum price per person: 1000.0 [in D:\dev\flymebaby-react\src\api\app.py:153]
2024-12-16 22:32:07,360 INFO: Origin airports: ['KUN'] [in D:\dev\flymebaby-react\src\api\app.py:154]
2024-12-16 22:32:07,360 INFO: Wanted countries: ['Italy'] [in D:\dev\flymebaby-react\src\api\app.py:155]
2024-12-16 22:32:07,360 INFO: Total passengers: 1 [in D:\dev\flymebaby-react\src\api\app.py:156]
2024-12-16 22:32:07,673 INFO: 192.168.1.149 - - [16/Dec/2024 22:32:07] "GET /api/search-flights?tripType=return&startDate=2024-12-20&endDate=2024-12-27&originAirports=KUN&wantedCountries=Italy&adults=1&children=0&maxPrice=1000&minDays=1&maxDays=7 HTTP/1.1" 200 - [in C:\Python312\Lib\site-packages\werkzeug\_internal.py:97]
2024-12-16 22:37:58,059 INFO: 192.168.1.149 - - [16/Dec/2024 22:37:58] "[31m[1mGET /api/search-flights?tripType=return&startDate=&endDate=&maxPrice=1000&minDays=3&maxDays=7&originAirports=&wantedCountries=&adults=1&teens=0&children=0&infants=0 HTTP/1.1[0m" 400 - [in C:\Python312\Lib\site-packages\werkzeug\_internal.py:97]
2024-12-16 22:38:04,848 INFO: 192.168.1.149 - - [16/Dec/2024 22:38:04] "[31m[1mGET /api/search-flights?tripType=return&startDate=&endDate=&maxPrice=1000&minDays=3&maxDays=7&originAirports=&wantedCountries=&adults=1&teens=0&children=0&infants=0 HTTP/1.1[0m" 400 - [in C:\Python312\Lib\site-packages\werkzeug\_internal.py:97]
2024-12-16 22:38:41,809 INFO: Search request received: {'tripType': 'return', 'startDate': '2024-12-16', 'endDate': '2024-12-23', 'maxPrice': '1000', 'minDays': '3', 'maxDays': '7', 'originAirports': ['KUN', 'VNO'], 'wantedCountries': ['Albania', 'Austria', 'Belgium', 'Bosnia & Herzegovina', 'Bulgaria', 'Croatia', 'Cyprus', 'Czech Republic', 'Denmark', 'Estonia', 'Finland', 'France', 'Germany', 'Greece', 'Hungary', 'Ireland', 'Israel', 'Italy', 'Jordan', 'Latvia', 'Lithuania', 'Luxembourg', 'Malta', 'Montenegro', 'Morocco', 'Netherlands', 'Norway', 'Poland', 'Portugal', 'Romania', 'Serbia', 'Slovakia', 'Spain', 'Sweden', 'Switzerland', 'Turkey', 'United Kingdom'], 'adults': '2', 'children': '2'} [in D:\dev\flymebaby-react\src\api\app.py:149]
2024-12-16 22:38:41,809 INFO: Search parameters after processing: [in D:\dev\flymebaby-react\src\api\app.py:150]
2024-12-16 22:38:41,810 INFO: Start date: 2024-12-16 00:00:00 [in D:\dev\flymebaby-react\src\api\app.py:151]
2024-12-16 22:38:41,810 INFO: End date: 2024-12-23 00:00:00 [in D:\dev\flymebaby-react\src\api\app.py:152]
2024-12-16 22:38:41,810 INFO: Maximum price per person: 250.0 [in D:\dev\flymebaby-react\src\api\app.py:153]
2024-12-16 22:38:41,811 INFO: Origin airports: ['KUN', 'VNO'] [in D:\dev\flymebaby-react\src\api\app.py:154]
2024-12-16 22:38:41,811 INFO: Wanted countries: ['Albania', 'Austria', 'Belgium', 'Bosnia & Herzegovina', 'Bulgaria', 'Croatia', 'Cyprus', 'Czech Republic', 'Denmark', 'Estonia', 'Finland', 'France', 'Germany', 'Greece', 'Hungary', 'Ireland', 'Israel', 'Italy', 'Jordan', 'Latvia', 'Lithuania', 'Luxembourg', 'Malta', 'Montenegro', 'Morocco', 'Netherlands', 'Norway', 'Poland', 'Portugal', 'Romania', 'Serbia', 'Slovakia', 'Spain', 'Sweden', 'Switzerland', 'Turkey', 'United Kingdom'] [in D:\dev\flymebaby-react\src\api\app.py:155]
2024-12-16 22:38:41,811 INFO: Total passengers: 4 [in D:\dev\flymebaby-react\src\api\app.py:156]
2024-12-16 22:38:42,459 INFO: 192.168.1.149 - - [16/Dec/2024 22:38:42] "GET /api/search-flights?tripType=return&startDate=2024-12-16&endDate=2024-12-23&maxPrice=1000&minDays=3&maxDays=7&originAirports=KUN,VNO&wantedCountries=Albania,Austria,Belgium,Bosnia+%26+Herzegovina,Bulgaria,Croatia,Cyprus,Czech+Republic,Denmark,Estonia,Finland,France,Germany,Greece,Hungary,Ireland,Israel,Italy,Jordan,Latvia,Lithuania,Luxembourg,Malta,Montenegro,Morocco,Netherlands,Norway,Poland,Portugal,Romania,Serbia,Slovakia,Spain,Sweden,Switzerland,Turkey,United+Kingdom&adults=2&teens=0&children=2&infants=0 HTTP/1.1" 200 - [in C:\Python312\Lib\site-packages\werkzeug\_internal.py:97]
2024-12-16 22:38:42,474 INFO: Search request received: {'tripType': 'return', 'startDate': '2024-12-16', 'endDate': '2024-12-23', 'maxPrice': '1000', 'minDays': '3', 'maxDays': '7', 'originAirports': ['KUN', 'VNO'], 'wantedCountries': ['Albania', 'Austria', 'Belgium', 'Bosnia & Herzegovina', 'Bulgaria', 'Croatia', 'Cyprus', 'Czech Republic', 'Denmark', 'Estonia', 'Finland', 'France', 'Germany', 'Greece', 'Hungary', 'Ireland', 'Israel', 'Italy', 'Jordan', 'Latvia', 'Lithuania', 'Luxembourg', 'Malta', 'Montenegro', 'Morocco', 'Netherlands', 'Norway', 'Poland', 'Portugal', 'Romania', 'Serbia', 'Slovakia', 'Spain', 'Sweden', 'Switzerland', 'Turkey', 'United Kingdom'], 'adults': '2', 'children': '2'} [in D:\dev\flymebaby-react\src\api\app.py:149]
2024-12-16 22:38:42,474 INFO: Search parameters after processing: [in D:\dev\flymebaby-react\src\api\app.py:150]
2024-12-16 22:38:42,475 INFO: Start date: 2024-12-16 00:00:00 [in D:\dev\flymebaby-react\src\api\app.py:151]
2024-12-16 22:38:42,475 INFO: End date: 2024-12-23 00:00:00 [in D:\dev\flymebaby-react\src\api\app.py:152]
2024-12-16 22:38:42,475 INFO: Maximum price per person: 250.0 [in D:\dev\flymebaby-react\src\api\app.py:153]
2024-12-16 22:38:42,475 INFO: Origin airports: ['KUN', 'VNO'] [in D:\dev\flymebaby-react\src\api\app.py:154]
2024-12-16 22:38:42,476 INFO: Wanted countries: ['Albania', 'Austria', 'Belgium', 'Bosnia & Herzegovina', 'Bulgaria', 'Croatia', 'Cyprus', 'Czech Republic', 'Denmark', 'Estonia', 'Finland', 'France', 'Germany', 'Greece', 'Hungary', 'Ireland', 'Israel', 'Italy', 'Jordan', 'Latvia', 'Lithuania', 'Luxembourg', 'Malta', 'Montenegro', 'Morocco', 'Netherlands', 'Norway', 'Poland', 'Portugal', 'Romania', 'Serbia', 'Slovakia', 'Spain', 'Sweden', 'Switzerland', 'Turkey', 'United Kingdom'] [in D:\dev\flymebaby-react\src\api\app.py:155]
2024-12-16 22:38:42,476 INFO: Total passengers: 4 [in D:\dev\flymebaby-react\src\api\app.py:156]
2024-12-16 22:38:42,936 INFO: 192.168.1.149 - - [16/Dec/2024 22:38:42] "GET /api/search-flights?tripType=return&startDate=2024-12-16&endDate=2024-12-23&maxPrice=1000&minDays=3&maxDays=7&originAirports=KUN,VNO&wantedCountries=Albania,Austria,Belgium,Bosnia+%26+Herzegovina,Bulgaria,Croatia,Cyprus,Czech+Republic,Denmark,Estonia,Finland,France,Germany,Greece,Hungary,Ireland,Israel,Italy,Jordan,Latvia,Lithuania,Luxembourg,Malta,Montenegro,Morocco,Netherlands,Norway,Poland,Portugal,Romania,Serbia,Slovakia,Spain,Sweden,Switzerland,Turkey,United+Kingdom&adults=2&teens=0&children=2&infants=0 HTTP/1.1" 200 - [in C:\Python312\Lib\site-packages\werkzeug\_internal.py:97]
2024-12-16 22:39:44,768 INFO: Search request received: {'tripType': 'return', 'startDate': '2024-12-16', 'endDate': '2024-12-23', 'maxPrice': '1000', 'minDays': '3', 'maxDays': '7', 'originAirports': ['KUN', 'VNO'], 'wantedCountries': ['Albania', 'Austria', 'Belgium', 'Bosnia & Herzegovina', 'Bulgaria', 'Croatia', 'Cyprus', 'Czech Republic', 'Denmark', 'Estonia', 'Finland', 'France', 'Germany', 'Greece', 'Hungary', 'Ireland', 'Israel', 'Italy', 'Jordan', 'Latvia', 'Lithuania', 'Luxembourg', 'Malta', 'Montenegro', 'Morocco', 'Netherlands', 'Norway', 'Poland', 'Portugal', 'Romania', 'Serbia', 'Slovakia', 'Spain', 'Sweden', 'Switzerland', 'Turkey', 'United Kingdom'], 'adults': '2', 'children': '2'} [in D:\dev\flymebaby-react\src\api\app.py:149]
2024-12-16 22:39:44,769 INFO: Search parameters after processing: [in D:\dev\flymebaby-react\src\api\app.py:150]
2024-12-16 22:39:44,769 INFO: Start date: 2024-12-16 00:00:00 [in D:\dev\flymebaby-react\src\api\app.py:151]
2024-12-16 22:39:44,769 INFO: End date: 2024-12-23 00:00:00 [in D:\dev\flymebaby-react\src\api\app.py:152]
2024-12-16 22:39:44,771 INFO: Maximum price per person: 250.0 [in D:\dev\flymebaby-react\src\api\app.py:153]
2024-12-16 22:39:44,771 INFO: Origin airports: ['KUN', 'VNO'] [in D:\dev\flymebaby-react\src\api\app.py:154]
2024-12-16 22:39:44,771 INFO: Wanted countries: ['Albania', 'Austria', 'Belgium', 'Bosnia & Herzegovina', 'Bulgaria', 'Croatia', 'Cyprus', 'Czech Republic', 'Denmark', 'Estonia', 'Finland', 'France', 'Germany', 'Greece', 'Hungary', 'Ireland', 'Israel', 'Italy', 'Jordan', 'Latvia', 'Lithuania', 'Luxembourg', 'Malta', 'Montenegro', 'Morocco', 'Netherlands', 'Norway', 'Poland', 'Portugal', 'Romania', 'Serbia', 'Slovakia', 'Spain', 'Sweden', 'Switzerland', 'Turkey', 'United Kingdom'] [in D:\dev\flymebaby-react\src\api\app.py:155]
2024-12-16 22:39:44,772 INFO: Total passengers: 4 [in D:\dev\flymebaby-react\src\api\app.py:156]
2024-12-16 22:39:45,219 INFO: 192.168.1.149 - - [16/Dec/2024 22:39:45] "GET /api/search-flights?tripType=return&startDate=2024-12-16&endDate=2024-12-23&maxPrice=1000&minDays=3&maxDays=7&originAirports=KUN,VNO&wantedCountries=Albania,Austria,Belgium,Bosnia+%26+Herzegovina,Bulgaria,Croatia,Cyprus,Czech+Republic,Denmark,Estonia,Finland,France,Germany,Greece,Hungary,Ireland,Israel,Italy,Jordan,Latvia,Lithuania,Luxembourg,Malta,Montenegro,Morocco,Netherlands,Norway,Poland,Portugal,Romania,Serbia,Slovakia,Spain,Sweden,Switzerland,Turkey,United+Kingdom&adults=2&teens=0&children=2&infants=0 HTTP/1.1" 200 - [in C:\Python312\Lib\site-packages\werkzeug\_internal.py:97]
2024-12-16 22:40:53,875 INFO: Search request received: {'tripType': 'return', 'startDate': '2024-12-16', 'endDate': '2024-12-23', 'maxPrice': '1000', 'minDays': '3', 'maxDays': '7', 'originAirports': ['KUN', 'VNO'], 'wantedCountries': ['Albania', 'Austria', 'Belgium', 'Bosnia & Herzegovina', 'Bulgaria', 'Croatia', 'Cyprus', 'Czech Republic', 'Denmark', 'Estonia', 'Finland', 'France', 'Germany', 'Greece', 'Hungary', 'Ireland', 'Israel', 'Italy', 'Jordan', 'Latvia', 'Lithuania', 'Luxembourg', 'Malta', 'Montenegro', 'Morocco', 'Netherlands', 'Norway', 'Poland', 'Portugal', 'Romania', 'Serbia', 'Slovakia', 'Spain', 'Sweden', 'Switzerland', 'Turkey', 'United Kingdom'], 'adults': '2', 'children': '2'} [in D:\dev\flymebaby-react\src\api\app.py:149]
2024-12-16 22:40:53,876 INFO: Search parameters after processing: [in D:\dev\flymebaby-react\src\api\app.py:150]
2024-12-16 22:40:53,876 INFO: Start date: 2024-12-16 00:00:00 [in D:\dev\flymebaby-react\src\api\app.py:151]
2024-12-16 22:40:53,876 INFO: End date: 2024-12-23 00:00:00 [in D:\dev\flymebaby-react\src\api\app.py:152]
2024-12-16 22:40:53,876 INFO: Maximum price per person: 250.0 [in D:\dev\flymebaby-react\src\api\app.py:153]
2024-12-16 22:40:53,876 INFO: Origin airports: ['KUN', 'VNO'] [in D:\dev\flymebaby-react\src\api\app.py:154]
2024-12-16 22:40:53,877 INFO: Wanted countries: ['Albania', 'Austria', 'Belgium', 'Bosnia & Herzegovina', 'Bulgaria', 'Croatia', 'Cyprus', 'Czech Republic', 'Denmark', 'Estonia', 'Finland', 'France', 'Germany', 'Greece', 'Hungary', 'Ireland', 'Israel', 'Italy', 'Jordan', 'Latvia', 'Lithuania', 'Luxembourg', 'Malta', 'Montenegro', 'Morocco', 'Netherlands', 'Norway', 'Poland', 'Portugal', 'Romania', 'Serbia', 'Slovakia', 'Spain', 'Sweden', 'Switzerland', 'Turkey', 'United Kingdom'] [in D:\dev\flymebaby-react\src\api\app.py:155]
2024-12-16 22:40:53,877 INFO: Total passengers: 4 [in D:\dev\flymebaby-react\src\api\app.py:156]
2024-12-16 22:40:54,426 INFO: 192.168.1.149 - - [16/Dec/2024 22:40:54] "GET /api/search-flights?tripType=return&startDate=2024-12-16&endDate=2024-12-23&maxPrice=1000&minDays=3&maxDays=7&originAirports=KUN,VNO&wantedCountries=Albania,Austria,Belgium,Bosnia+%26+Herzegovina,Bulgaria,Croatia,Cyprus,Czech+Republic,Denmark,Estonia,Finland,France,Germany,Greece,Hungary,Ireland,Israel,Italy,Jordan,Latvia,Lithuania,Luxembourg,Malta,Montenegro,Morocco,Netherlands,Norway,Poland,Portugal,Romania,Serbia,Slovakia,Spain,Sweden,Switzerland,Turkey,United+Kingdom&adults=2&teens=0&children=2&infants=0 HTTP/1.1" 200 - [in C:\Python312\Lib\site-packages\werkzeug\_internal.py:97]
2024-12-16 22:40:54,440 INFO: Search request received: {'tripType': 'return', 'startDate': '2024-12-16', 'endDate': '2024-12-23', 'maxPrice': '1000', 'minDays': '3', 'maxDays': '7', 'originAirports': ['KUN', 'VNO'], 'wantedCountries': ['Albania', 'Austria', 'Belgium', 'Bosnia & Herzegovina', 'Bulgaria', 'Croatia', 'Cyprus', 'Czech Republic', 'Denmark', 'Estonia', 'Finland', 'France', 'Germany', 'Greece', 'Hungary', 'Ireland', 'Israel', 'Italy', 'Jordan', 'Latvia', 'Lithuania', 'Luxembourg', 'Malta', 'Montenegro', 'Morocco', 'Netherlands', 'Norway', 'Poland', 'Portugal', 'Romania', 'Serbia', 'Slovakia', 'Spain', 'Sweden', 'Switzerland', 'Turkey', 'United Kingdom'], 'adults': '2', 'children': '2'} [in D:\dev\flymebaby-react\src\api\app.py:149]
2024-12-16 22:40:54,441 INFO: Search parameters after processing: [in D:\dev\flymebaby-react\src\api\app.py:150]
2024-12-16 22:40:54,441 INFO: Start date: 2024-12-16 00:00:00 [in D:\dev\flymebaby-react\src\api\app.py:151]
2024-12-16 22:40:54,441 INFO: End date: 2024-12-23 00:00:00 [in D:\dev\flymebaby-react\src\api\app.py:152]
2024-12-16 22:40:54,441 INFO: Maximum price per person: 250.0 [in D:\dev\flymebaby-react\src\api\app.py:153]
2024-12-16 22:40:54,441 INFO: Origin airports: ['KUN', 'VNO'] [in D:\dev\flymebaby-react\src\api\app.py:154]
2024-12-16 22:40:54,442 INFO: Wanted countries: ['Albania', 'Austria', 'Belgium', 'Bosnia & Herzegovina', 'Bulgaria', 'Croatia', 'Cyprus', 'Czech Republic', 'Denmark', 'Estonia', 'Finland', 'France', 'Germany', 'Greece', 'Hungary', 'Ireland', 'Israel', 'Italy', 'Jordan', 'Latvia', 'Lithuania', 'Luxembourg', 'Malta', 'Montenegro', 'Morocco', 'Netherlands', 'Norway', 'Poland', 'Portugal', 'Romania', 'Serbia', 'Slovakia', 'Spain', 'Sweden', 'Switzerland', 'Turkey', 'United Kingdom'] [in D:\dev\flymebaby-react\src\api\app.py:155]
2024-12-16 22:40:54,442 INFO: Total passengers: 4 [in D:\dev\flymebaby-react\src\api\app.py:156]
2024-12-16 22:40:55,046 INFO: 192.168.1.149 - - [16/Dec/2024 22:40:55] "GET /api/search-flights?tripType=return&startDate=2024-12-16&endDate=2024-12-23&maxPrice=1000&minDays=3&maxDays=7&originAirports=KUN,VNO&wantedCountries=Albania,Austria,Belgium,Bosnia+%26+Herzegovina,Bulgaria,Croatia,Cyprus,Czech+Republic,Denmark,Estonia,Finland,France,Germany,Greece,Hungary,Ireland,Israel,Italy,Jordan,Latvia,Lithuania,Luxembourg,Malta,Montenegro,Morocco,Netherlands,Norway,Poland,Portugal,Romania,Serbia,Slovakia,Spain,Sweden,Switzerland,Turkey,United+Kingdom&adults=2&teens=0&children=2&infants=0 HTTP/1.1" 200 - [in C:\Python312\Lib\site-packages\werkzeug\_internal.py:97]
